<?xml version="1.0" encoding="UTF-8"?>
<testng-results ignored="0" total="1" passed="1" failed="0" skipped="0">
  <reporter-output>
  </reporter-output>
  <suite started-at="2023-09-22T17:21:17 IST" name="Default suite" finished-at="2023-09-22T17:21:33 IST" duration-ms="16091">
    <groups>
    </groups>
    <test started-at="2023-09-22T17:21:17 IST" name="Default test" finished-at="2023-09-22T17:21:33 IST" duration-ms="16091">
      <class name="javaPack.MuseLogin">
        <test-method is-config="true" signature="setUp()[pri:0, instance:javaPack.MuseLogin@2a693f59]" started-at="2023-09-22T17:21:17 IST" name="setUp" finished-at="2023-09-22T17:21:19 IST" duration-ms="2118" status="PASS">
          <reporter-output>
          </reporter-output>
        </test-method> <!-- setUp -->
        <test-method signature="museLogin()[pri:0, instance:javaPack.MuseLogin@2a693f59]" started-at="2023-09-22T17:21:19 IST" name="museLogin" finished-at="2023-09-22T17:21:33 IST" duration-ms="13921" status="PASS">
          <reporter-output>
          </reporter-output>
        </test-method> <!-- museLogin -->
      </class> <!-- javaPack.MuseLogin -->
    </test> <!-- Default test -->
  </suite> <!-- Default suite -->
</testng-results>
