<?xml version="1.0" encoding="UTF-8"?>
<testng-results ignored="0" total="2" passed="2" failed="0" skipped="0">
  <reporter-output>
  </reporter-output>
  <suite started-at="2023-09-22T17:40:27 IST" name="Default suite" finished-at="2023-09-22T17:40:37 IST" duration-ms="9470">
    <groups>
    </groups>
    <test started-at="2023-09-22T17:40:27 IST" name="Default test" finished-at="2023-09-22T17:40:37 IST" duration-ms="9470">
      <class name="javaPack.FacebookPractice">
        <test-method is-config="true" signature="setUp()[pri:0, instance:javaPack.FacebookPractice@3f4faf53]" started-at="2023-09-22T17:40:27 IST" name="setUp" finished-at="2023-09-22T17:40:31 IST" duration-ms="3345" status="PASS">
          <reporter-output>
          </reporter-output>
        </test-method> <!-- setUp -->
        <test-method signature="fetchMonths()[pri:0, instance:javaPack.FacebookPractice@3f4faf53]" started-at="2023-09-22T17:40:31 IST" name="fetchMonths" finished-at="2023-09-22T17:40:33 IST" duration-ms="2183" status="PASS">
          <reporter-output>
          </reporter-output>
        </test-method> <!-- fetchMonths -->
        <test-method signature="selectMonth()[pri:0, instance:javaPack.FacebookPractice@3f4faf53]" started-at="2023-09-22T17:40:33 IST" name="selectMonth" finished-at="2023-09-22T17:40:37 IST" duration-ms="3823" status="PASS">
          <reporter-output>
          </reporter-output>
        </test-method> <!-- selectMonth -->
      </class> <!-- javaPack.FacebookPractice -->
    </test> <!-- Default test -->
  </suite> <!-- Default suite -->
</testng-results>
