<?xml version="1.0" encoding="UTF-8"?>
<testng-results ignored="0" total="1" passed="1" failed="0" skipped="0">
  <reporter-output>
  </reporter-output>
  <suite started-at="2023-10-11T11:55:27 IST" name="Default suite" finished-at="2023-10-11T11:55:29 IST" duration-ms="2076">
    <groups>
    </groups>
    <test started-at="2023-10-11T11:55:27 IST" name="Default test" finished-at="2023-10-11T11:55:29 IST" duration-ms="2076">
      <class name="automationScripts.JSExecutor">
        <test-method is-config="true" signature="setUp()[pri:0, instance:automationScripts.JSExecutor@11392934]" started-at="2023-10-11T11:55:22 IST" name="setUp" finished-at="2023-10-11T11:55:27 IST" duration-ms="5664" status="PASS">
          <reporter-output>
          </reporter-output>
        </test-method> <!-- setUp -->
        <test-method signature="login()[pri:0, instance:automationScripts.JSExecutor@11392934]" started-at="2023-10-11T11:55:27 IST" name="login" finished-at="2023-10-11T11:55:29 IST" duration-ms="2020" status="PASS">
          <reporter-output>
          </reporter-output>
        </test-method> <!-- login -->
        <test-method is-config="true" signature="tearDown()[pri:0, instance:automationScripts.JSExecutor@11392934]" started-at="2023-10-11T11:55:29 IST" name="tearDown" finished-at="2023-10-11T11:55:30 IST" duration-ms="306" status="PASS">
          <reporter-output>
          </reporter-output>
        </test-method> <!-- tearDown -->
      </class> <!-- automationScripts.JSExecutor -->
    </test> <!-- Default test -->
  </suite> <!-- Default suite -->
</testng-results>
