<?xml version="1.0" encoding="UTF-8"?>
<testng-results ignored="0" total="1" passed="1" failed="0" skipped="0">
  <reporter-output>
  </reporter-output>
  <suite started-at="2023-10-24T22:29:25 IST" name="Default suite" finished-at="2023-10-24T22:29:28 IST" duration-ms="3089">
    <groups>
    </groups>
    <test started-at="2023-10-24T22:29:25 IST" name="Default test" finished-at="2023-10-24T22:29:28 IST" duration-ms="3089">
      <class name="day3.ValidateHeaders">
        <test-method signature="getHeaders()[pri:0, instance:day3.ValidateHeaders@17497425]" started-at="2023-10-24T22:29:25 IST" name="getHeaders" finished-at="2023-10-24T22:29:28 IST" duration-ms="3008" status="PASS">
          <reporter-output>
          </reporter-output>
        </test-method> <!-- getHeaders -->
      </class> <!-- day3.ValidateHeaders -->
    </test> <!-- Default test -->
  </suite> <!-- Default suite -->
</testng-results>
